<?xml version="1.0" encoding="UTF-8"?>
<!-- Generated by org.testng.reporters.JUnitReportReporter -->
<testsuite hostname="FurqanPC" name="str.frmt.validators.EmailValidator_DomainName_Test" tests="5" failures="0" timestamp="15 Mar 2015 03:56:22 GMT" time="0.060" errors="0">
  <testcase name="domain_names_can_contain_A_TO_Z_characters" time="0.034" classname="str.frmt.validators.EmailValidator_DomainName_Test"/>
  <testcase name="domain_names_can_not_contain_more_than_64_characters" time="0.001" classname="str.frmt.validators.EmailValidator_DomainName_Test"/>
  <testcase name="domain_names_can_contain_valid_ip_addresses_within_square_brackets1" time="0.000" classname="str.frmt.validators.EmailValidator_DomainName_Test"/>
  <testcase name="domain_names_can_contain_a_to_z_characters" time="0.002" classname="str.frmt.validators.EmailValidator_DomainName_Test"/>
  <testcase name="domain_names_can_contain_valid_ip_addresses_within_square_brackets2" time="0.023" classname="str.frmt.validators.EmailValidator_DomainName_Test"/>
</testsuite> <!-- str.frmt.validators.EmailValidator_DomainName_Test -->
