<?xml version="1.0" encoding="UTF-8"?>
<!-- Generated by org.testng.reporters.JUnitReportReporter -->
<testsuite hostname="ubuntu" name="str.frmt.validators.EmailValidator_DomainName_Test" tests="5" failures="0" timestamp="27 Mar 2015 11:14:27 GMT" time="0.044" errors="0">
  <testcase name="domain_names_can_not_contain_more_than_64_characters" time="0.002" classname="str.frmt.validators.EmailValidator_DomainName_Test"/>
  <testcase name="domain_names_can_contain_valid_ip_addresses_within_square_brackets2" time="0.007" classname="str.frmt.validators.EmailValidator_DomainName_Test"/>
  <testcase name="domain_names_can_contain_valid_ip_addresses_within_square_brackets1" time="0.004" classname="str.frmt.validators.EmailValidator_DomainName_Test"/>
  <testcase name="domain_names_can_contain_A_TO_Z_characters" time="0.029" classname="str.frmt.validators.EmailValidator_DomainName_Test"/>
  <testcase name="domain_names_can_contain_a_to_z_characters" time="0.002" classname="str.frmt.validators.EmailValidator_DomainName_Test"/>
</testsuite> <!-- str.frmt.validators.EmailValidator_DomainName_Test -->
