<?xml version="1.0" encoding="UTF-8"?>
<!-- Generated by org.testng.reporters.JUnitReportReporter -->
<testsuite hostname="ubuntu" name="str.frmt.validators.JavaTestSrcFileNameValidatorTest" tests="2" failures="0" timestamp="26 Mar 2015 04:45:10 GMT" time="0.002" errors="0">
  <testcase name="regex" time="0.002" classname="str.frmt.validators.JavaTestSrcFileNameValidatorTest"/>
  <testcase name="isJavaSrcFileNameValid_Method" time="0.000" classname="str.frmt.validators.JavaTestSrcFileNameValidatorTest"/>
</testsuite> <!-- str.frmt.validators.JavaTestSrcFileNameValidatorTest -->
