<?xml version="1.0" encoding="UTF-8"?>
<!-- Generated by org.testng.reporters.JUnitReportReporter -->
<testsuite hostname="ubuntu" name="str.frmt.validators.JavaTestSrcFileNameValidatorTest" tests="2" failures="0" timestamp="25 Mar 2015 13:22:23 GMT" time="0.005" errors="0">
  <testcase name="regex" time="0.001" classname="str.frmt.validators.JavaTestSrcFileNameValidatorTest"/>
  <testcase name="isJavaSrcFileNameValid_Method" time="0.004" classname="str.frmt.validators.JavaTestSrcFileNameValidatorTest"/>
</testsuite> <!-- str.frmt.validators.JavaTestSrcFileNameValidatorTest -->
