<?xml version="1.0" encoding="UTF-8"?>
<!-- Generated by org.testng.reporters.JUnitReportReporter -->
<testsuite hostname="ubuntu" name="str.frmt.validators.JavaSrcFileNameValidatorTest" tests="2" failures="0" timestamp="27 Mar 2015 11:14:27 GMT" time="0.004" errors="0">
  <testcase name="regex" time="0.000" classname="str.frmt.validators.JavaSrcFileNameValidatorTest"/>
  <testcase name="isJavaSrcFileNameValid_Method" time="0.004" classname="str.frmt.validators.JavaSrcFileNameValidatorTest"/>
</testsuite> <!-- str.frmt.validators.JavaSrcFileNameValidatorTest -->
