<?xml version="1.0" encoding="UTF-8"?>
<!-- Generated by org.testng.reporters.JUnitReportReporter -->
<testsuite hostname="ubuntu" name="str.frmt.validators.JavaSrcFileNameValidatorTest" tests="2" failures="0" timestamp="30 Mar 2015 14:30:24 GMT" time="0.001" errors="0">
  <testcase name="regex" time="0.000" classname="str.frmt.validators.JavaSrcFileNameValidatorTest"/>
  <testcase name="isJavaSrcFileNameValid_Method" time="0.001" classname="str.frmt.validators.JavaSrcFileNameValidatorTest"/>
</testsuite> <!-- str.frmt.validators.JavaSrcFileNameValidatorTest -->
