<?xml version="1.0" encoding="UTF-8"?>
<!-- Generated by org.testng.reporters.JUnitReportReporter -->
<testsuite hostname="ubuntu" name="jdkhttprestserver.RestTestingServerTest" tests="2" failures="0" timestamp="3 Feb 2015 06:03:17 GMT" time="6.908" errors="0">
  <testcase name="if_port_8080_is_unavailable_then_search_for_8081_or_onwards" time="5.672" classname="jdkhttprestserver.RestTestingServerTest"/>
  <testcase name="server_should_start_on_localhost_8080_when_rest_Application_is_passed_to_it" time="1.236" classname="jdkhttprestserver.RestTestingServerTest"/>
</testsuite>
