<?xml version="1.0" encoding="UTF-8"?>
<!-- Generated by org.testng.reporters.JUnitReportReporter -->
<testsuite hostname="ubuntu" name="jdkhttprestserver.RestTestingServerTest" tests="6" failures="0" timestamp="25 Mar 2015 12:10:38 GMT" time="6.211" errors="0">
  <testcase name="if_port_8080_is_unavailable_then_search_for_8081_or_onwards" time="2.535" classname="jdkhttprestserver.RestTestingServerTest"/>
  <testcase name="server_should_be_autocloseable" time="1.225" classname="jdkhttprestserver.RestTestingServerTest"/>
  <testcase name="server_should_return_int_as_port_number_on_which_it_is_listening_To" time="0.413" classname="jdkhttprestserver.RestTestingServerTest"/>
  <testcase name="server_should_start_on_localhost_8080_when_rest_Application_is_passed_to_it" time="1.171" classname="jdkhttprestserver.RestTestingServerTest"/>
  <testcase name="should_be_able_to_pass_the_app_context_name_as_parameter_when_starting_the_server" time="0.372" classname="jdkhttprestserver.RestTestingServerTest"/>
  <testcase name="server_should_deploy_the_application_to_the_same_app_context_which_is_defined_in_applicationpath_annnotation" time="0.495" classname="jdkhttprestserver.RestTestingServerTest"/>
</testsuite> <!-- jdkhttprestserver.RestTestingServerTest -->
