<?xml version="1.0" encoding="UTF-8"?>
<!-- Generated by org.testng.reporters.JUnitReportReporter -->
<testsuite hostname="ubuntu" name="selcommns.WebDriverFactoryTest" tests="3" failures="0" timestamp="25 Mar 2015 12:11:08 GMT" time="7.006" errors="0">
  <testcase name="if_no_FF_is_installed_then_ask_for_the_browser_path" time="0.296" classname="selcommns.WebDriverFactoryTest"/>
  <testcase name="by_default_should_return_FireFoxDriver" time="2.809" classname="selcommns.WebDriverFactoryTest"/>
  <testcase name="a_web_driver_needs_to_be_auto_closeable" time="3.901" classname="selcommns.WebDriverFactoryTest"/>
</testsuite> <!-- selcommns.WebDriverFactoryTest -->
