<?xml version="1.0" encoding="UTF-8"?>
<!-- Generated by org.testng.reporters.JUnitReportReporter -->
<testsuite hostname="ubuntu" name="selcommns.WebDriverFactoryTest" tests="3" failures="0" timestamp="30 Mar 2015 14:30:37 GMT" time="5.781" errors="0">
  <testcase name="if_no_FF_is_installed_then_ask_for_the_browser_path" time="0.347" classname="selcommns.WebDriverFactoryTest"/>
  <testcase name="by_default_should_return_FireFoxDriver" time="2.767" classname="selcommns.WebDriverFactoryTest"/>
  <testcase name="a_web_driver_needs_to_be_auto_closeable" time="2.667" classname="selcommns.WebDriverFactoryTest"/>
</testsuite> <!-- selcommns.WebDriverFactoryTest -->
