<?xml version="1.0" encoding="UTF-8"?>
<!-- Generated by org.testng.reporters.JUnitReportReporter -->
<testsuite hostname="ubuntu" name="selcommns.WebDriverFactoryTest" tests="3" failures="0" timestamp="24 Mar 2015 17:05:11 GMT" time="6.375" errors="0">
  <testcase name="if_no_FF_is_installed_then_ask_for_the_browser_path" time="0.368" classname="selcommns.WebDriverFactoryTest"/>
  <testcase name="by_default_should_return_FireFoxDriver" time="3.180" classname="selcommns.WebDriverFactoryTest"/>
  <testcase name="a_web_driver_needs_to_be_auto_closeable" time="2.827" classname="selcommns.WebDriverFactoryTest"/>
</testsuite> <!-- selcommns.WebDriverFactoryTest -->
