<?xml version="1.0" encoding="UTF-8"?>
<testsuite name="TestSuite" time="0.184" tests="33" errors="0" skipped="0" failures="0">
  <properties>
    <property name="java.runtime.name" value="Java(TM) SE Runtime Environment"/>
    <property name="sun.boot.library.path" value="/usr/lib/jvm/java-8-oracle/jre/lib/amd64"/>
    <property name="java.vm.version" value="25.11-b03"/>
    <property name="java.vm.vendor" value="Oracle Corporation"/>
    <property name="java.vendor.url" value="http://java.oracle.com/"/>
    <property name="path.separator" value=":"/>
    <property name="guice.disable.misplaced.annotation.check" value="true"/>
    <property name="java.vm.name" value="Java HotSpot(TM) 64-Bit Server VM"/>
    <property name="file.encoding.pkg" value="sun.io"/>
    <property name="user.country" value="US"/>
    <property name="sun.java.launcher" value="SUN_STANDARD"/>
    <property name="sun.os.patch.level" value="unknown"/>
    <property name="java.vm.specification.name" value="Java Virtual Machine Specification"/>
    <property name="user.dir" value="/home/affan/Development/NetBeansProjects/reference-artifacts-repository/javase/wefunit"/>
    <property name="java.runtime.version" value="1.8.0_11-b12"/>
    <property name="java.awt.graphicsenv" value="sun.awt.X11GraphicsEnvironment"/>
    <property name="java.endorsed.dirs" value="/usr/lib/jvm/java-8-oracle/jre/lib/endorsed"/>
    <property name="os.arch" value="amd64"/>
    <property name="java.io.tmpdir" value="/tmp"/>
    <property name="line.separator" value="&#10;"/>
    <property name="java.vm.specification.vendor" value="Oracle Corporation"/>
    <property name="os.name" value="Linux"/>
    <property name="classworlds.conf" value="/usr/local/apache-maven-3.2.5/bin/m2.conf"/>
    <property name="sun.jnu.encoding" value="UTF-8"/>
    <property name="java.library.path" value="/usr/java/packages/lib/amd64:/usr/lib64:/lib64:/lib:/usr/lib"/>
    <property name="java.specification.name" value="Java Platform API Specification"/>
    <property name="java.class.version" value="52.0"/>
    <property name="sun.management.compiler" value="HotSpot 64-Bit Tiered Compilers"/>
    <property name="os.version" value="3.13.0-32-generic"/>
    <property name="user.home" value="/root"/>
    <property name="user.timezone" value="Asia/Karachi"/>
    <property name="java.awt.printerjob" value="sun.print.PSPrinterJob"/>
    <property name="file.encoding" value="UTF-8"/>
    <property name="java.specification.version" value="1.8"/>
    <property name="user.name" value="root"/>
    <property name="java.class.path" value="/usr/local/apache-maven-3.2.5/boot/plexus-classworlds-2.5.2.jar"/>
    <property name="java.vm.specification.version" value="1.8"/>
    <property name="sun.arch.data.model" value="64"/>
    <property name="java.home" value="/usr/lib/jvm/java-8-oracle/jre"/>
    <property name="sun.java.command" value="org.codehaus.plexus.classworlds.launcher.Launcher clean test"/>
    <property name="java.specification.vendor" value="Oracle Corporation"/>
    <property name="user.language" value="en"/>
    <property name="awt.toolkit" value="sun.awt.X11.XToolkit"/>
    <property name="java.vm.info" value="mixed mode"/>
    <property name="java.version" value="1.8.0_11"/>
    <property name="java.ext.dirs" value="/usr/lib/jvm/java-8-oracle/jre/lib/ext:/usr/java/packages/lib/ext"/>
    <property name="securerandom.source" value="file:/dev/./urandom"/>
    <property name="sun.boot.class.path" value="/usr/lib/jvm/java-8-oracle/jre/lib/resources.jar:/usr/lib/jvm/java-8-oracle/jre/lib/rt.jar:/usr/lib/jvm/java-8-oracle/jre/lib/sunrsasign.jar:/usr/lib/jvm/java-8-oracle/jre/lib/jsse.jar:/usr/lib/jvm/java-8-oracle/jre/lib/jce.jar:/usr/lib/jvm/java-8-oracle/jre/lib/charsets.jar:/usr/lib/jvm/java-8-oracle/jre/lib/jfr.jar:/usr/lib/jvm/java-8-oracle/jre/classes"/>
    <property name="java.vendor" value="Oracle Corporation"/>
    <property name="maven.home" value="/usr/local/apache-maven-3.2.5"/>
    <property name="file.separator" value="/"/>
    <property name="java.vendor.url.bug" value="http://bugreport.sun.com/bugreport/"/>
    <property name="sun.cpu.endian" value="little"/>
    <property name="sun.io.unicode.encoding" value="UnicodeLittle"/>
    <property name="sun.cpu.isalist" value=""/>
  </properties>
  <testcase name="instantiate_subclass_of_GenericServiceOperationTest_dataServiceName_field_injection_Test_1" classname="com.rc.wefunit.TestClassInstantiationUtilityTest" time="0.024"/>
  <testcase name="instantiate_subclass_of_GenericServiceOperationTest_dataServiceName_field_injection_Test_2" classname="com.rc.wefunit.TestClassInstantiationUtilityTest" time="0.001"/>
  <testcase name="instantiate_subclass_of_GenericServiceOperationTest_serviceOperationName" classname="com.rc.wefunit.TestClassInstantiationUtilityTest" time="0.004"/>
  <testcase name="instantiate_subclass_of_GenericServiceOperationTest_serviceOperationName_field_1" classname="com.rc.wefunit.TestClassInstantiationUtilityTest" time="0.003"/>
  <testcase name="instantiate_subclass_of_GenericServiceOperationTest_serviceOperationName_field_2" classname="com.rc.wefunit.TestClassInstantiationUtilityTest" time="0"/>
  <testcase name="is_a_Qualifier" classname="com.rc.wefunit.annotations.GenericSODependencyTest" time="0.008"/>
  <testcase name="is_annotation_GenericSODependency" classname="com.rc.wefunit.annotations.GenericSODependencyTest" time="0.001"/>
  <testcase name="is_dependency_method_present" classname="com.rc.wefunit.annotations.GenericSODependencyTest" time="0.001"/>
  <testcase name="BeforeClass_annotation" classname="com.rc.wefunit.annotations.BeforeClassTest" time="0.001"/>
  <testcase name="BeforeClass_annotation_RetentionPolicy_RUNTIME" classname="com.rc.wefunit.annotations.BeforeClassTest" time="0.001"/>
  <testcase name="BeforeClass_annotation_Target_METHOD" classname="com.rc.wefunit.annotations.BeforeClassTest" time="0.001"/>
  <testcase name="BeforeClass_annotation_enabled_method_default_value_true" classname="com.rc.wefunit.annotations.BeforeClassTest" time="0.001"/>
  <testcase name="DATA_SERVICE_NAME" classname="com.rc.wefunit.enums.GenericSOInjectablesTest" time="0.001"/>
  <testcase name="SERVICE_OPERATION_NAME" classname="com.rc.wefunit.enums.GenericSOInjectablesTest" time="0"/>
  <testcase name="notNull" classname="com.rc.wefunit.probes.AssertTest" time="0.004"/>
  <testcase name="getTestClassesSet" classname="com.rc.wefunit.RunnerTest" time="0.067"/>
  <testcase name="scan_for_test_classes" classname="com.rc.wefunit.RunnerTest" time="0.014"/>
  <testcase name="scan_for_test_classes_must_throw_IllegalStateException_when_WEB_INF_dir_is_not_a_wef_project" classname="com.rc.wefunit.RunnerTest" time="0.014"/>
  <testcase name="web_INF_directory_path_web_inf_as_last_directory" classname="com.rc.wefunit.RunnerTest" time="0.014"/>
  <testcase name="getter_for_dataServiceName" classname="com.rc.wefunit.GenericServiceOperationTestTest" time="0.001"/>
  <testcase name="getter_for_serviceOperationName" classname="com.rc.wefunit.GenericServiceOperationTestTest" time="0"/>
  <testcase name="getter_for_webAppAccess" classname="com.rc.wefunit.GenericServiceOperationTestTest" time="0.001"/>
  <testcase name="is_dataServiceName_string_field_contains_Inject_annotation" classname="com.rc.wefunit.GenericServiceOperationTestTest" time="0.005"/>
  <testcase name="is_dataServiceName_string_field_is_present" classname="com.rc.wefunit.GenericServiceOperationTestTest" time="0.006"/>
  <testcase name="is_serviceOperationName_string_field_contains_Inject_annotation" classname="com.rc.wefunit.GenericServiceOperationTestTest" time="0"/>
  <testcase name="is_serviceOperationName_string_field_is_protected" classname="com.rc.wefunit.GenericServiceOperationTestTest" time="0"/>
  <testcase name="is_serviceOperationName_string_field_present" classname="com.rc.wefunit.GenericServiceOperationTestTest" time="0.001"/>
  <testcase name="is_service_operation_exists_Method_exists" classname="com.rc.wefunit.GenericServiceOperationTestTest" time="0"/>
  <testcase name="is_service_operation_exists_method_should_have_Test_annotation" classname="com.rc.wefunit.GenericServiceOperationTestTest" time="0.002"/>
  <testcase name="is_service_operation_name_is_in_correct_format_Method_contains_BeforeClass_annotation" classname="com.rc.wefunit.GenericServiceOperationTestTest" time="0.002"/>
  <testcase name="is_service_operation_name_is_in_correct_format_Method_exists" classname="com.rc.wefunit.GenericServiceOperationTestTest" time="0.001"/>
  <testcase name="is_webAppAccess_field_with_service_consumer_fixtures_annotation_available" classname="com.rc.wefunit.GenericServiceOperationTestTest" time="0.004"/>
  <testcase name="is_webAppAccess_field_with_service_consumer_fixtures_annotation_is_protected" classname="com.rc.wefunit.GenericServiceOperationTestTest" time="0.001"/>
</testsuite>