<?xml version="1.0" encoding="UTF-8"?>
<!-- Generated by org.testng.reporters.JUnitReportReporter -->
<testsuite hostname="ubuntu" name="str.frmt.validators.EmailValidatorTest" tests="1" failures="0" timestamp="5 Mar 2015 11:45:01 GMT" time="0.017" errors="0">
  <testcase name="plain_email_test" time="0.017" classname="str.frmt.validators.EmailValidatorTest"/>
</testsuite> <!-- str.frmt.validators.EmailValidatorTest -->
