<?xml version="1.0" encoding="UTF-8" ?>
<testsuite tests="33" failures="0" name="TestSuite" time="0.064" errors="0" skipped="0">
  <properties>
    <property name="java.runtime.name" value="Java(TM) SE Runtime Environment"/>
    <property name="sun.boot.library.path" value="c:\Program Files\Java\jdk1.8.0_20\jre\bin"/>
    <property name="java.vm.version" value="25.20-b23"/>
    <property name="java.vm.vendor" value="Oracle Corporation"/>
    <property name="java.vendor.url" value="http://java.oracle.com/"/>
    <property name="path.separator" value=";"/>
    <property name="guice.disable.misplaced.annotation.check" value="true"/>
    <property name="java.vm.name" value="Java HotSpot(TM) Client VM"/>
    <property name="file.encoding.pkg" value="sun.io"/>
    <property name="user.script" value=""/>
    <property name="user.country" value="US"/>
    <property name="sun.java.launcher" value="SUN_STANDARD"/>
    <property name="sun.os.patch.level" value=""/>
    <property name="java.vm.specification.name" value="Java Virtual Machine Specification"/>
    <property name="user.dir" value="f:\reference-artifacts-repository"/>
    <property name="java.runtime.version" value="1.8.0_20-b26"/>
    <property name="java.awt.graphicsenv" value="sun.awt.Win32GraphicsEnvironment"/>
    <property name="java.endorsed.dirs" value="c:\Program Files\Java\jdk1.8.0_20\jre\lib\endorsed"/>
    <property name="os.arch" value="x86"/>
    <property name="java.io.tmpdir" value="C:\Users\furqan\AppData\Local\Temp\"/>
    <property name="line.separator" value="
"/>
    <property name="java.vm.specification.vendor" value="Oracle Corporation"/>
    <property name="user.variant" value=""/>
    <property name="os.name" value="Windows 8.1"/>
    <property name="classworlds.conf" value="f:/apache-maven-3.2.5-bin/apache-maven-3.2.5/bin/m2.conf"/>
    <property name="sun.jnu.encoding" value="Cp1252"/>
    <property name="java.library.path" value="c:\Program Files\Java\jdk1.8.0_20\bin;C:\Windows\Sun\Java\bin;C:\Windows\system32;C:\Windows;c:\Users\furqan\bin;.;F:\Git\local\bin;F:\Git\mingw\bin;F:\Git\bin;c:\Program Files\Java\jdk1.8.0_20\bin;f:\apache-maven-3.2.5-bin\apache-maven-3.2.5\bin;."/>
    <property name="java.specification.name" value="Java Platform API Specification"/>
    <property name="java.class.version" value="52.0"/>
    <property name="sun.management.compiler" value="HotSpot Client Compiler"/>
    <property name="os.version" value="6.3"/>
    <property name="user.home" value="C:\Users\furqan"/>
    <property name="user.timezone" value="Asia/Karachi"/>
    <property name="java.awt.printerjob" value="sun.awt.windows.WPrinterJob"/>
    <property name="java.specification.version" value="1.8"/>
    <property name="file.encoding" value="Cp1252"/>
    <property name="user.name" value="furqan"/>
    <property name="java.class.path" value="f:/apache-maven-3.2.5-bin/apache-maven-3.2.5/boot/plexus-classworlds-2.5.2.jar"/>
    <property name="java.vm.specification.version" value="1.8"/>
    <property name="sun.arch.data.model" value="32"/>
    <property name="java.home" value="c:\Program Files\Java\jdk1.8.0_20\jre"/>
    <property name="sun.java.command" value="org.codehaus.plexus.classworlds.launcher.Launcher install"/>
    <property name="java.specification.vendor" value="Oracle Corporation"/>
    <property name="user.language" value="en"/>
    <property name="awt.toolkit" value="sun.awt.windows.WToolkit"/>
    <property name="java.vm.info" value="mixed mode, sharing"/>
    <property name="java.version" value="1.8.0_20"/>
    <property name="java.ext.dirs" value="c:\Program Files\Java\jdk1.8.0_20\jre\lib\ext;C:\Windows\Sun\Java\lib\ext"/>
    <property name="sun.boot.class.path" value="c:\Program Files\Java\jdk1.8.0_20\jre\lib\resources.jar;c:\Program Files\Java\jdk1.8.0_20\jre\lib\rt.jar;c:\Program Files\Java\jdk1.8.0_20\jre\lib\sunrsasign.jar;c:\Program Files\Java\jdk1.8.0_20\jre\lib\jsse.jar;c:\Program Files\Java\jdk1.8.0_20\jre\lib\jce.jar;c:\Program Files\Java\jdk1.8.0_20\jre\lib\charsets.jar;c:\Program Files\Java\jdk1.8.0_20\jre\lib\jfr.jar;c:\Program Files\Java\jdk1.8.0_20\jre\classes"/>
    <property name="sun.stderr.encoding" value="cp437"/>
    <property name="java.vendor" value="Oracle Corporation"/>
    <property name="maven.home" value="f:\apache-maven-3.2.5-bin\apache-maven-3.2.5"/>
    <property name="file.separator" value="\"/>
    <property name="java.vendor.url.bug" value="http://bugreport.sun.com/bugreport/"/>
    <property name="sun.cpu.endian" value="little"/>
    <property name="sun.io.unicode.encoding" value="UnicodeLittle"/>
    <property name="sun.stdout.encoding" value="cp437"/>
    <property name="sun.desktop" value="windows"/>
    <property name="sun.cpu.isalist" value="pentium_pro+mmx pentium_pro pentium+mmx pentium i486 i386 i86"/>
  </properties>
  <testcase classname="str.frmt.validators.EmailValidator_DomainName_Test" name="domain_names_can_contain_A_TO_Z_characters" time="0.031"/>
  <testcase classname="str.frmt.validators.EmailValidator_DomainName_Test" name="domain_names_can_contain_a_to_z_characters" time="0.003"/>
  <testcase classname="str.frmt.validators.EmailValidator_DomainName_Test" name="domain_names_can_contain_valid_ip_addresses_within_square_brackets1" time="0.001"/>
  <testcase classname="str.frmt.validators.EmailValidator_DomainName_Test" name="domain_names_can_contain_valid_ip_addresses_within_square_brackets2" time="0.023"/>
  <testcase classname="str.frmt.validators.EmailValidator_DomainName_Test" name="domain_names_can_not_contain_more_than_64_characters" time="0.001"/>
  <testcase classname="str.frmt.validators.EmailValidator_LocalPart_Test" name="must_return_regex_as_string" time="0"/>
  <testcase classname="str.frmt.validators.EmailValidator_LocalPart_Test" name="must_throw_illegal_args_exception_when_email_is_null" time="0"/>
  <testcase classname="str.frmt.validators.EmailValidator_LocalPart_Test" name="plain_email_test" time="0"/>
  <testcase classname="str.frmt.validators.EmailValidator_LocalPart_Test" name="validate_2_consecutive_dots_at_the_end_of_local_part_is_invalid" time="0"/>
  <testcase classname="str.frmt.validators.EmailValidator_LocalPart_Test" name="validate_UPPER_CASE_LETTERS_A_TO_Z_are_valid_in_local_part" time="0"/>
  <testcase classname="str.frmt.validators.EmailValidator_LocalPart_Test" name="validate_UPPER_CASE_letters_a_to_z_are_valid_at_the_start_of_local_part" time="0.001"/>
  <testcase classname="str.frmt.validators.EmailValidator_LocalPart_Test" name="validate_UPPER_CASE_plus_lower_case_letters_a_to_z_are_valid_in_local_part" time="0"/>
  <testcase classname="str.frmt.validators.EmailValidator_LocalPart_Test" name="validate_local_part_containing_at_the_rate_character_is_in_valid" time="0"/>
  <testcase classname="str.frmt.validators.EmailValidator_LocalPart_Test" name="validate_local_part_containing_colon_character_is_in_valid" time="0"/>
  <testcase classname="str.frmt.validators.EmailValidator_LocalPart_Test" name="validate_local_part_containing_comments_is_in_valid" time="0"/>
  <testcase classname="str.frmt.validators.EmailValidator_LocalPart_Test" name="validate_local_part_containing_digits_from_0_to_9_is_valid" time="0"/>
  <testcase classname="str.frmt.validators.EmailValidator_LocalPart_Test" name="validate_local_part_containing_underscore_is_valid" time="0"/>
  <testcase classname="str.frmt.validators.EmailValidator_LocalPart_Test" name="validate_local_part_ending_with_at_the_rate_character_is_in_valid" time="0"/>
  <testcase classname="str.frmt.validators.EmailValidator_LocalPart_Test" name="validate_local_part_ending_with_colon_character_is_in_valid" time="0"/>
  <testcase classname="str.frmt.validators.EmailValidator_LocalPart_Test" name="validate_local_part_ending_with_comments_is_valid" time="0"/>
  <testcase classname="str.frmt.validators.EmailValidator_LocalPart_Test" name="validate_local_part_ending_with_digits_from_0_to_9_is_valid" time="0"/>
  <testcase classname="str.frmt.validators.EmailValidator_LocalPart_Test" name="validate_local_part_ending_with_underscore_is_valid" time="0"/>
  <testcase classname="str.frmt.validators.EmailValidator_LocalPart_Test" name="validate_local_part_starting_from_0_to_9_is_valid" time="0.001"/>
  <testcase classname="str.frmt.validators.EmailValidator_LocalPart_Test" name="validate_local_part_starting_with_and_ending_with_empty_comments_is_valid" time="0.001"/>
  <testcase classname="str.frmt.validators.EmailValidator_LocalPart_Test" name="validate_local_part_starting_with_at_the_rate_character_is_in_valid" time="0"/>
  <testcase classname="str.frmt.validators.EmailValidator_LocalPart_Test" name="validate_local_part_starting_with_colon_character_is_in_valid" time="0"/>
  <testcase classname="str.frmt.validators.EmailValidator_LocalPart_Test" name="validate_local_part_starting_with_comments_is_valid" time="0.001"/>
  <testcase classname="str.frmt.validators.EmailValidator_LocalPart_Test" name="validate_local_part_starting_with_underscore_is_valid" time="0.001"/>
  <testcase classname="str.frmt.validators.EmailValidator_LocalPart_Test" name="validate_single_dot_at_the_beginning_of_local_part_is_invalid" time="0"/>
  <testcase classname="str.frmt.validators.EmailValidator_LocalPart_Test" name="validate_single_dot_at_the_end_of_local_part_is_invalid" time="0"/>
  <testcase classname="str.frmt.validators.EmailValidator_LocalPart_Test" name="validate_single_dot_in_between_the_local_part_is_valid" time="0"/>
  <testcase classname="str.frmt.validators.EmailValidator_LocalPart_Test" name="validate_two_consecutive_dots_in_local_part_is_invalid" time="0"/>
  <testcase classname="str.frmt.validators.EmailValidator_LocalPart_Test" name="validate_two_single_dots_at_the_beginning_of_local_part_is_invalid" time="0"/>
</testsuite>