<?xml version="1.0" encoding="UTF-8"?>
<!-- Generated by org.testng.reporters.JUnitReportReporter -->
<testsuite hostname="ubuntu" name="rc.qaportal.web.automation.aramark.utilities.SuperUserLoginUtilityTest" tests="2" failures="0" timestamp="13 Mar 2015 17:11:31 GMT" time="36.413" errors="0">
  <testcase name="login_super_dev2" time="36.412" classname="rc.qaportal.web.automation.aramark.utilities.SuperUserLoginUtilityTest"/>
  <testcase name="dev2_super_user_credentials" time="0.001" classname="rc.qaportal.web.automation.aramark.utilities.SuperUserLoginUtilityTest"/>
</testsuite> <!-- rc.qaportal.web.automation.aramark.utilities.SuperUserLoginUtilityTest -->
