<?xml version="1.0" encoding="UTF-8"?>
<!-- Generated by org.testng.reporters.JUnitReportReporter -->
<testsuite hostname="ubuntu" name="com.rc.wefunit.CommonUtilsTest" tests="3" failures="0" timestamp="24 Apr 2015 12:22:47 GMT" time="0.002" errors="0">
  <testcase name="filterQualifierAnnotations_functional_test" time="0.001" classname="com.rc.wefunit.CommonUtilsTest"/>
  <testcase name="test_CommonUtils_is_singleton_when_get_from_factory" time="0.001" classname="com.rc.wefunit.CommonUtilsTest"/>
  <testcase name="filterQualifierAnnotations" time="0.000" classname="com.rc.wefunit.CommonUtilsTest"/>
</testsuite> <!-- com.rc.wefunit.CommonUtilsTest -->
