<?xml version="1.0" encoding="UTF-8"?>
<!-- Generated by org.testng.reporters.JUnitReportReporter -->
<testsuite hostname="ubuntu" name="com.rc.wefunit.probes.AssertTest" tests="1" failures="0" timestamp="31 Mar 2015 15:11:31 GMT" time="0.003" errors="0">
  <testcase name="notNull" time="0.003" classname="com.rc.wefunit.probes.AssertTest"/>
</testsuite> <!-- com.rc.wefunit.probes.AssertTest -->
