<?xml version="1.0" encoding="UTF-8"?>
<!-- Generated by org.testng.reporters.JUnitReportReporter -->
<testsuite hostname="ubuntu" name="com.rc.wefunit.TestClassInstantiationUtilityTest" tests="6" failures="1" timestamp="16 Apr 2015 15:29:27 GMT" time="0.124" errors="0">
  <testcase name="instantiate_subclass_of_GenericServiceOperationTest_webAppAccess_field_injection" time="0.092" classname="com.rc.wefunit.TestClassInstantiationUtilityTest">
    <failure type="java.lang.IllegalArgumentException" message="Value of type Object incompatible with return type com.bowstreet.webapp.WebAppAccess of com.rc.wefunit.producers.FactoryProducers#getSCBuildersFixturesModel()">
      <![CDATA[java.lang.IllegalArgumentException: Value of type Object incompatible with return type com.bowstreet.webapp.WebAppAccess of com.rc.wefunit.producers.FactoryProducers#getSCBuildersFixturesModel()
	at com.rc.wefunit.TestClassInstantiationUtilityTest$1.<init>(TestClassInstantiationUtilityTest.java:100)
	at com.rc.wefunit.TestClassInstantiationUtilityTest.instantiate_subclass_of_GenericServiceOperationTest_webAppAccess_field_injection(TestClassInstantiationUtilityTest.java:99)
	at sun.reflect.NativeMethodAccessorImpl.invoke0(Native Method)
	at java.lang.reflect.Method.invoke(Method.java:483)
	at org.apache.maven.surefire.testng.TestNGExecutor.run(TestNGExecutor.java:295)
	at org.apache.maven.surefire.testng.TestNGXmlTestSuite.execute(TestNGXmlTestSuite.java:84)
	at org.apache.maven.surefire.testng.TestNGProvider.invoke(TestNGProvider.java:90)
	at org.apache.maven.surefire.booter.ForkedBooter.invokeProviderInSameClassLoader(ForkedBooter.java:203)
	at org.apache.maven.surefire.booter.ForkedBooter.runSuitesInProcess(ForkedBooter.java:155)
	at org.apache.maven.surefire.booter.ForkedBooter.main(ForkedBooter.java:103)
]]>
    </failure>
  </testcase> <!-- instantiate_subclass_of_GenericServiceOperationTest_webAppAccess_field_injection -->
  <testcase name="instantiate_subclass_of_GenericServiceOperationTest_serviceOperationName_field_2" time="0.001" classname="com.rc.wefunit.TestClassInstantiationUtilityTest"/>
  <testcase name="instantiate_subclass_of_GenericServiceOperationTest_serviceOperationName" time="0.002" classname="com.rc.wefunit.TestClassInstantiationUtilityTest"/>
  <testcase name="instantiate_subclass_of_GenericServiceOperationTest_dataServiceName_field_injection_Test_1" time="0.020" classname="com.rc.wefunit.TestClassInstantiationUtilityTest"/>
  <testcase name="instantiate_subclass_of_GenericServiceOperationTest_serviceOperationName_field_1" time="0.001" classname="com.rc.wefunit.TestClassInstantiationUtilityTest"/>
  <testcase name="instantiate_subclass_of_GenericServiceOperationTest_dataServiceName_field_injection_Test_2" time="0.008" classname="com.rc.wefunit.TestClassInstantiationUtilityTest"/>
</testsuite> <!-- com.rc.wefunit.TestClassInstantiationUtilityTest -->
