<?xml version="1.0" encoding="UTF-8"?>
<!-- Generated by org.testng.reporters.JUnitReportReporter -->
<testsuite hostname="ubuntu" name="com.rc.wefunit.RunnerTest" tests="10" failures="0" timestamp="23 Apr 2015 15:11:45 GMT" time="0.198" errors="0">
  <testcase name="method_scanTestClasses_scan_for_test_classes" time="0.032" classname="com.rc.wefunit.RunnerTest"/>
  <testcase name="method_scanTestClasses_scan_for_test_classes_must_throw_IllegalStateException_when_WEB_INF_dir_is_not_a_wef_project" time="0.006" classname="com.rc.wefunit.RunnerTest"/>
  <testcase name="method_getTestClassesSet" time="0.027" classname="com.rc.wefunit.RunnerTest"/>
  <testcase name="method_run" time="0.000" classname="com.rc.wefunit.RunnerTest"/>
  <testcase name="method_getTestClassesExecutionPriorityQueue" time="0.103" classname="com.rc.wefunit.RunnerTest"/>
  <testcase name="method_getWebInfDirPath_web_INF_directory_path_web_inf_as_last_directory" time="0.028" classname="com.rc.wefunit.RunnerTest"/>
  <testcase name="Runner_instance_must_be_singleton" time="0.001" classname="com.rc.wefunit.RunnerTest"/>
  <testcase name="method_getWebAppAccess_throw_IllegalStateException_when_called_before_calling_run_method" time="0.000" classname="com.rc.wefunit.RunnerTest"/>
  <testcase name="method_getWebAppAccess_existence" time="0.000" classname="com.rc.wefunit.RunnerTest"/>
  <testcase name="method_run_with_parameter_WebAppAccess_existence" time="0.001" classname="com.rc.wefunit.RunnerTest"/>
</testsuite> <!-- com.rc.wefunit.RunnerTest -->
