<?xml version="1.0" encoding="UTF-8"?>
<!-- Generated by org.testng.reporters.JUnitReportReporter -->
<testsuite hostname="ubuntu" name="com.rc.wefunit.annotations.Annotations" tests="2" failures="0" timestamp="28 Apr 2015 11:25:46 GMT" time="0.010" errors="0">
  <testcase name="test" time="0.006" classname="com.rc.wefunit.annotations.Annotations"/>
  <testcase name="test_enabled_method" time="0.004" classname="com.rc.wefunit.annotations.Annotations"/>
</testsuite> <!-- com.rc.wefunit.annotations.Annotations -->
