<?xml version="1.0" encoding="UTF-8"?>
<!-- Generated by org.testng.reporters.JUnitReportReporter -->
<testsuite hostname="ubuntu" name="com.rc.wefunit.testengine.TestEngineTest" tests="3" failures="0" timestamp="28 Apr 2015 17:33:08 GMT" time="0.201" errors="0">
  <testcase name="method_executeTests_parameters_Queue" time="0.001" classname="com.rc.wefunit.testengine.TestEngineTest"/>
  <testcase name="is_exist_Interface_TestEngine" time="0.042" classname="com.rc.wefunit.testengine.TestEngineTest"/>
  <testcase name="method_executeTests_total_executed_tests_should_equal_to_total_no_of_tests_present" time="0.158" classname="com.rc.wefunit.testengine.TestEngineTest"/>
</testsuite> <!-- com.rc.wefunit.testengine.TestEngineTest -->
