<?xml version="1.0" encoding="UTF-8"?>
<!-- Generated by org.testng.reporters.JUnitReportReporter -->
<testsuite hostname="ubuntu" name="com.rc.wefunit.TestClassStatsTest" tests="1" failures="0" timestamp="28 Apr 2015 11:25:46 GMT" time="0.001" errors="0">
  <testcase name="method_getTotalExecutableTestsCount" time="0.001" classname="com.rc.wefunit.TestClassStatsTest"/>
</testsuite> <!-- com.rc.wefunit.TestClassStatsTest -->
