<?xml version="1.0" encoding="UTF-8"?>
<!-- Generated by org.testng.reporters.JUnitReportReporter -->
<testsuite hostname="ubuntu" name="com.rc.wefunit.FixtureDependencyInjectorUtilityTest" tests="6" failures="0" timestamp="3 Apr 2015 15:07:40 GMT" time="0.006" errors="1">
  <testcase name="must_throw_IllegalStateException_when_a_non_injectable_field_is_provided_to_inject_method" time="0.001" classname="com.rc.wefunit.FixtureDependencyInjectorUtilityTest"/>
  <testcase name="inject_method_with_2_parameters_Field_and_Object__GenericServiceOperationTest_webAppAccessSC_field_injection_Test_1" time="0.002" classname="com.rc.wefunit.FixtureDependencyInjectorUtilityTest">
    <error type="java.lang.AssertionError" message="expected object to not be null">
      <![CDATA[java.lang.AssertionError: expected object to not be null
	at com.rc.wefunit.FixtureDependencyInjectorUtilityTest.inject_method_with_2_parameters_Field_and_Object__GenericServiceOperationTest_webAppAccessSC_field_injection_Test_1(FixtureDependencyInjectorUtilityTest.java:134)
	at sun.reflect.NativeMethodAccessorImpl.invoke0(Native Method)
	at java.lang.reflect.Method.invoke(Method.java:483)
	at org.apache.maven.surefire.testng.TestNGExecutor.run(TestNGExecutor.java:115)
	at org.apache.maven.surefire.testng.TestNGDirectoryTestSuite.executeMulti(TestNGDirectoryTestSuite.java:205)
	at org.apache.maven.surefire.testng.TestNGDirectoryTestSuite.execute(TestNGDirectoryTestSuite.java:108)
	at org.apache.maven.surefire.testng.TestNGProvider.invoke(TestNGProvider.java:111)
	at org.apache.maven.surefire.booter.ForkedBooter.invokeProviderInSameClassLoader(ForkedBooter.java:203)
	at org.apache.maven.surefire.booter.ForkedBooter.runSuitesInProcess(ForkedBooter.java:155)
	at org.apache.maven.surefire.booter.ForkedBooter.main(ForkedBooter.java:103)
]]>
    </error>
  </testcase> <!-- inject_method_with_2_parameters_Field_and_Object__GenericServiceOperationTest_webAppAccessSC_field_injection_Test_1 -->
  <testcase name="inject_method_with_2_parameters_Field_and_Object2_GenericServiceOperationTest_serviceOperationName_field_2" time="0.001" classname="com.rc.wefunit.FixtureDependencyInjectorUtilityTest"/>
  <testcase name="inject_method_with_2_parameters_Field_and_Object__GenericServiceOperationTest_dataServiceName_field_injection_Test_1" time="0.002" classname="com.rc.wefunit.FixtureDependencyInjectorUtilityTest"/>
  <testcase name="inject_method_with_2_parameters_Field_and_Object__GenericServiceOperationTest_dataServiceName_field_injection_Test_2" time="0.000" classname="com.rc.wefunit.FixtureDependencyInjectorUtilityTest"/>
  <testcase name="inject_method_with_2_parameters_Field_and_Object1_GenericServiceOperationTest_serviceOperationName_field_1" time="0.000" classname="com.rc.wefunit.FixtureDependencyInjectorUtilityTest"/>
</testsuite> <!-- com.rc.wefunit.FixtureDependencyInjectorUtilityTest -->
