<?xml version="1.0" encoding="UTF-8"?>
<!-- Generated by org.testng.reporters.JUnitReportReporter -->
<testsuite hostname="ubuntu" name="com.rc.wefunit.probes.AssertTest" tests="1" failures="0" timestamp="30 Mar 2015 13:46:33 GMT" time="0.004" errors="0">
  <testcase name="notNull" time="0.004" classname="com.rc.wefunit.probes.AssertTest"/>
</testsuite> <!-- com.rc.wefunit.probes.AssertTest -->
