<?xml version="1.0" encoding="UTF-8"?>
<!-- Generated by org.testng.reporters.JUnitReportReporter -->
<testsuite hostname="ubuntu" name="com.rc.wefunit.TestClassInstantiationUtilityTest" tests="5" failures="0" timestamp="16 Apr 2015 13:29:08 GMT" time="0.030" errors="0">
  <testcase name="instantiate_subclass_of_GenericServiceOperationTest_dataServiceName_field_injection_Test_2" time="0.001" classname="com.rc.wefunit.TestClassInstantiationUtilityTest"/>
  <testcase name="instantiate_subclass_of_GenericServiceOperationTest_serviceOperationName_field_2" time="0.001" classname="com.rc.wefunit.TestClassInstantiationUtilityTest"/>
  <testcase name="instantiate_subclass_of_GenericServiceOperationTest_serviceOperationName" time="0.001" classname="com.rc.wefunit.TestClassInstantiationUtilityTest"/>
  <testcase name="instantiate_subclass_of_GenericServiceOperationTest_serviceOperationName_field_1" time="0.002" classname="com.rc.wefunit.TestClassInstantiationUtilityTest"/>
  <testcase name="instantiate_subclass_of_GenericServiceOperationTest_dataServiceName_field_injection_Test_1" time="0.025" classname="com.rc.wefunit.TestClassInstantiationUtilityTest"/>
</testsuite> <!-- com.rc.wefunit.TestClassInstantiationUtilityTest -->
