<?xml version="1.0" encoding="UTF-8"?>
<!-- Generated by org.testng.reporters.JUnitReportReporter -->
<testsuite hostname="ubuntu" name="com.rc.wefunit.TestClassInstantiationUtilityTest" tests="5" failures="0" timestamp="2 Apr 2015 17:32:13 GMT" time="0.056" errors="0">
  <testcase name="instantiate_subclass_of_GenericServiceOperationTest_dataServiceName_field_injection_Test_2" time="0.010" classname="com.rc.wefunit.TestClassInstantiationUtilityTest"/>
  <testcase name="instantiate_subclass_of_GenericServiceOperationTest_serviceOperationName_field_2" time="0.006" classname="com.rc.wefunit.TestClassInstantiationUtilityTest"/>
  <testcase name="instantiate_subclass_of_GenericServiceOperationTest_serviceOperationName_field_1" time="0.001" classname="com.rc.wefunit.TestClassInstantiationUtilityTest"/>
  <testcase name="instantiate_subclass_of_GenericServiceOperationTest_serviceOperationName" time="0.001" classname="com.rc.wefunit.TestClassInstantiationUtilityTest"/>
  <testcase name="instantiate_subclass_of_GenericServiceOperationTest_dataServiceName_field_injection_Test_1" time="0.038" classname="com.rc.wefunit.TestClassInstantiationUtilityTest"/>
</testsuite> <!-- com.rc.wefunit.TestClassInstantiationUtilityTest -->
