<?xml version="1.0" encoding="UTF-8"?>
<!-- Generated by org.testng.reporters.JUnitReportReporter -->
<testsuite hostname="ubuntu" name="com.rc.wefunit.enums.GenericSOInjectablesTest" tests="2" failures="0" timestamp="2 Apr 2015 16:36:40 GMT" time="0.001" errors="0">
  <testcase name="DATA_SERVICE_NAME" time="0.001" classname="com.rc.wefunit.enums.GenericSOInjectablesTest"/>
  <testcase name="SERVICE_OPERATION_NAME" time="0.000" classname="com.rc.wefunit.enums.GenericSOInjectablesTest"/>
</testsuite> <!-- com.rc.wefunit.enums.GenericSOInjectablesTest -->
