<?xml version="1.0" encoding="UTF-8"?>
<!-- Generated by org.testng.reporters.JUnitReportReporter -->
<testsuite hostname="ubuntu" name="com.rc.wefunit.probes.AssertTest" tests="1" failures="0" timestamp="2 Apr 2015 16:36:40 GMT" time="0.005" errors="0">
  <testcase name="notNull" time="0.005" classname="com.rc.wefunit.probes.AssertTest"/>
</testsuite> <!-- com.rc.wefunit.probes.AssertTest -->
