<?xml version="1.0" encoding="UTF-8"?>
<!-- Generated by org.testng.reporters.JUnitReportReporter -->
<testsuite hostname="ubuntu" name="com.rc.wefunit.probes.AssertTest" tests="2" failures="0" timestamp="24 Apr 2015 17:28:44 GMT" time="0.001" errors="0">
  <testcase name="method_notNull_is_public_static_with_only_one_argument_Object" time="0.001" classname="com.rc.wefunit.probes.AssertTest"/>
  <testcase name="class_Assert_existence" time="0.000" classname="com.rc.wefunit.probes.AssertTest"/>
</testsuite> <!-- com.rc.wefunit.probes.AssertTest -->
