<?xml version="1.0" encoding="UTF-8"?>
<!-- Generated by org.testng.reporters.JUnitReportReporter -->
<testsuite hostname="ubuntu" name="com.rc.wefunit.DependencyScannerTest" tests="4" failures="0" timestamp="16 Apr 2015 15:29:27 GMT" time="0.002" errors="0">
  <testcase name="method_getDependency_DependencySignature_as_first_parameter" time="0.000" classname="com.rc.wefunit.DependencyScannerTest"/>
  <testcase name="interface_DependencyScanner_existence" time="0.002" classname="com.rc.wefunit.DependencyScannerTest"/>
  <testcase name="method_getDependency_DependencySignature_Object_as_return_type" time="0.000" classname="com.rc.wefunit.DependencyScannerTest"/>
  <testcase name="method_getDependency_exists" time="0.000" classname="com.rc.wefunit.DependencyScannerTest"/>
</testsuite> <!-- com.rc.wefunit.DependencyScannerTest -->
