<?xml version="1.0" encoding="UTF-8"?>
<!-- Generated by org.testng.reporters.JUnitReportReporter -->
<testsuite hostname="ubuntu" name="com.rc.wefunit.DependencyScannerTest" tests="3" failures="0" timestamp="6 Apr 2015 17:22:17 GMT" time="0.001" errors="0">
  <testcase name="interface_DependencyScanner_existence" time="0.001" classname="com.rc.wefunit.DependencyScannerTest"/>
  <testcase name="method_getDependencies_signatures" time="0.000" classname="com.rc.wefunit.DependencyScannerTest"/>
  <testcase name="method_scanDependencies_exists" time="0.000" classname="com.rc.wefunit.DependencyScannerTest"/>
</testsuite> <!-- com.rc.wefunit.DependencyScannerTest -->
