<?xml version="1.0" encoding="UTF-8"?>
<!-- Generated by org.testng.reporters.JUnitReportReporter -->
<testsuite hostname="ubuntu" name="com.rc.wefunit.DependencySignatureTest" tests="19" failures="0" timestamp="6 Apr 2015 17:22:17 GMT" time="0.024" errors="0">
  <testcase name="field_method_is_private" time="0.000" classname="com.rc.wefunit.DependencySignatureTest"/>
  <testcase name="throw_IllegalStateException_when_provided_annotation_is_not_a_Qualifier" time="0.004" classname="com.rc.wefunit.DependencySignatureTest"/>
  <testcase name="field_returnedObjectType" time="0.000" classname="com.rc.wefunit.DependencySignatureTest"/>
  <testcase name="field_returnedObjectType_is_final" time="0.006" classname="com.rc.wefunit.DependencySignatureTest"/>
  <testcase name="field_qualifiers" time="0.001" classname="com.rc.wefunit.DependencySignatureTest"/>
  <testcase name="constructor_must_have_Method_as_the_first_parameter_data_type" time="0.000" classname="com.rc.wefunit.DependencySignatureTest"/>
  <testcase name="presence_of_equals_and_hashcode_methods" time="0.000" classname="com.rc.wefunit.DependencySignatureTest"/>
  <testcase name="field__qualifiers_is_final" time="0.001" classname="com.rc.wefunit.DependencySignatureTest"/>
  <testcase name="the_only_constructor_is_public" time="0.003" classname="com.rc.wefunit.DependencySignatureTest"/>
  <testcase name="constructor_must_have_an_Annotation_array_as_the_third_parameter_data_type" time="0.000" classname="com.rc.wefunit.DependencySignatureTest"/>
  <testcase name="constructor_must_have_Class_as_the_second_parameter_data_type" time="0.001" classname="com.rc.wefunit.DependencySignatureTest"/>
  <testcase name="field_returnedObjectType_is_private" time="0.000" classname="com.rc.wefunit.DependencySignatureTest"/>
  <testcase name="field__qualifiers_is_private" time="0.001" classname="com.rc.wefunit.DependencySignatureTest"/>
  <testcase name="class_existence" time="0.005" classname="com.rc.wefunit.DependencySignatureTest"/>
  <testcase name="field_method_existence" time="0.000" classname="com.rc.wefunit.DependencySignatureTest"/>
  <testcase name="there_is_only_one_constructor" time="0.001" classname="com.rc.wefunit.DependencySignatureTest"/>
  <testcase name="field_returnedObjectType_field_type_is_java_lang_Class" time="0.000" classname="com.rc.wefunit.DependencySignatureTest"/>
  <testcase name="field_method_is_final" time="0.001" classname="com.rc.wefunit.DependencySignatureTest"/>
  <testcase name="field_qualifiers_is_an_Array_of_Type_Annotation" time="0.000" classname="com.rc.wefunit.DependencySignatureTest"/>
</testsuite> <!-- com.rc.wefunit.DependencySignatureTest -->
