<?xml version="1.0" encoding="UTF-8"?>
<!-- Generated by org.testng.reporters.JUnitReportReporter -->
<testsuite hostname="ubuntu" name="com.rc.wefunit.producers.FactoryProducersTest" tests="2" failures="0" timestamp="6 Apr 2015 17:22:17 GMT" time="0.018" errors="0">
  <testcase name="getSCBuildersFixturesModel" time="0.000" classname="com.rc.wefunit.producers.FactoryProducersTest"/>
  <testcase name="getGSOTServiceOperationName" time="0.018" classname="com.rc.wefunit.producers.FactoryProducersTest"/>
</testsuite> <!-- com.rc.wefunit.producers.FactoryProducersTest -->
