<?xml version="1.0" encoding="UTF-8"?>
<!-- Generated by org.testng.reporters.JUnitReportReporter -->
<testsuite hostname="ubuntu" name="com.rc.wefunit.CommonUtilsTest" tests="2" failures="0" timestamp="16 Apr 2015 15:06:20 GMT" time="0.003" errors="0">
  <testcase name="filterQualifierAnnotations_functional_test" time="0.003" classname="com.rc.wefunit.CommonUtilsTest"/>
  <testcase name="filterQualifierAnnotations" time="0.000" classname="com.rc.wefunit.CommonUtilsTest"/>
</testsuite> <!-- com.rc.wefunit.CommonUtilsTest -->
