<?xml version="1.0" encoding="UTF-8"?>
<!-- Generated by org.testng.reporters.JUnitReportReporter -->
<testsuite hostname="ubuntu" name="com.rc.wefunit.producers.FactoryProducersTest" tests="2" failures="0" timestamp="28 Apr 2015 11:25:46 GMT" time="0.005" errors="0">
  <testcase name="method_getSCBuildersFixturesModel_throw_IllegalStateException_when_a_model_named_SCBuildersFixture_is_not_found" time="0.004" classname="com.rc.wefunit.producers.FactoryProducersTest"/>
  <testcase name="method_getSCBuildersFixturesModel" time="0.001" classname="com.rc.wefunit.producers.FactoryProducersTest"/>
</testsuite> <!-- com.rc.wefunit.producers.FactoryProducersTest -->
