<?xml version="1.0" encoding="UTF-8"?>
<!-- Generated by org.testng.reporters.JUnitReportReporter -->
<testsuite hostname="ubuntu" name="com.rc.wefunit.GenericServiceOperationTestTest" tests="2" failures="0" timestamp="30 Mar 2015 14:31:37 GMT" time="0.011" errors="0">
  <testcase name="is_service_operation_exists" time="0.003" classname="com.rc.wefunit.GenericServiceOperationTestTest"/>
  <testcase name="is_service_operation_exists_method_should_have_Test_annotation" time="0.008" classname="com.rc.wefunit.GenericServiceOperationTestTest"/>
</testsuite> <!-- com.rc.wefunit.GenericServiceOperationTestTest -->
