<?xml version="1.0" encoding="UTF-8"?>
<!-- Generated by org.testng.reporters.JUnitReportReporter -->
<testsuite hostname="ubuntu" name="com.rc.wefunit.RunnerTest" tests="9" failures="0" timestamp="16 Apr 2015 13:29:09 GMT" time="0.128" errors="0">
  <testcase name="method_getWebAppAccess_existence" time="0.000" classname="com.rc.wefunit.RunnerTest"/>
  <testcase name="method_getWebAppAccess_throw_IllegalStateException_when_called_before_calling_run_method" time="0.003" classname="com.rc.wefunit.RunnerTest"/>
  <testcase name="method_getTestClassesSet" time="0.100" classname="com.rc.wefunit.RunnerTest"/>
  <testcase name="Runner_instance_must_be_singleton" time="0.001" classname="com.rc.wefunit.RunnerTest"/>
  <testcase name="method_scanTestClasses_scan_for_test_classes" time="0.010" classname="com.rc.wefunit.RunnerTest"/>
  <testcase name="method_getWebInfDirPath_web_INF_directory_path_web_inf_as_last_directory" time="0.005" classname="com.rc.wefunit.RunnerTest"/>
  <testcase name="method_run_with_parameter_WebAppAccess_existence" time="0.001" classname="com.rc.wefunit.RunnerTest"/>
  <testcase name="method_scanTestClasses_scan_for_test_classes_must_throw_IllegalStateException_when_WEB_INF_dir_is_not_a_wef_project" time="0.008" classname="com.rc.wefunit.RunnerTest"/>
  <testcase name="method_run" time="0.000" classname="com.rc.wefunit.RunnerTest"/>
</testsuite> <!-- com.rc.wefunit.RunnerTest -->
