<?xml version="1.0" encoding="UTF-8"?>
<!-- Generated by org.testng.reporters.JUnitReportReporter -->
<testsuite hostname="ubuntu" name="com.rc.wefunit.GenericServiceOperationTestTest" tests="14" failures="0" timestamp="2 Apr 2015 16:36:40 GMT" time="0.018" errors="0">
  <testcase name="is_webAppAccess_field_with_service_consumer_fixtures_annotation_is_protected" time="0.000" classname="com.rc.wefunit.GenericServiceOperationTestTest"/>
  <testcase name="is_serviceOperationName_string_field_present" time="0.000" classname="com.rc.wefunit.GenericServiceOperationTestTest"/>
  <testcase name="getter_for_webAppAccess" time="0.001" classname="com.rc.wefunit.GenericServiceOperationTestTest"/>
  <testcase name="is_service_operation_exists_Method_exists" time="0.000" classname="com.rc.wefunit.GenericServiceOperationTestTest"/>
  <testcase name="getter_for_dataServiceName" time="0.000" classname="com.rc.wefunit.GenericServiceOperationTestTest"/>
  <testcase name="is_service_operation_exists_method_should_have_Test_annotation" time="0.002" classname="com.rc.wefunit.GenericServiceOperationTestTest"/>
  <testcase name="is_dataServiceName_string_field_contains_Inject_annotation" time="0.004" classname="com.rc.wefunit.GenericServiceOperationTestTest"/>
  <testcase name="is_serviceOperationName_string_field_contains_Inject_annotation" time="0.001" classname="com.rc.wefunit.GenericServiceOperationTestTest"/>
  <testcase name="getter_for_serviceOperationName" time="0.000" classname="com.rc.wefunit.GenericServiceOperationTestTest"/>
  <testcase name="is_serviceOperationName_string_field_is_protected" time="0.000" classname="com.rc.wefunit.GenericServiceOperationTestTest"/>
  <testcase name="is_webAppAccess_field_with_service_consumer_fixtures_annotation_available" time="0.004" classname="com.rc.wefunit.GenericServiceOperationTestTest"/>
  <testcase name="is_service_operation_name_is_in_correct_format_Method_contains_BeforeClass_annotation" time="0.004" classname="com.rc.wefunit.GenericServiceOperationTestTest"/>
  <testcase name="is_service_operation_name_is_in_correct_format_Method_exists" time="0.001" classname="com.rc.wefunit.GenericServiceOperationTestTest"/>
  <testcase name="is_dataServiceName_string_field_is_present" time="0.001" classname="com.rc.wefunit.GenericServiceOperationTestTest"/>
</testsuite> <!-- com.rc.wefunit.GenericServiceOperationTestTest -->
