<?xml version="1.0" encoding="UTF-8"?>
<!-- Generated by org.testng.reporters.JUnitReportReporter -->
<testsuite hostname="ubuntu" name="com.rc.wefunit.producers.FactoryProducersTest" tests="1" failures="0" timestamp="3 Apr 2015 14:44:42 GMT" time="0.012" errors="0">
  <testcase name="getGSOTServiceOperationName" time="0.012" classname="com.rc.wefunit.producers.FactoryProducersTest"/>
</testsuite> <!-- com.rc.wefunit.producers.FactoryProducersTest -->
