<?xml version="1.0" encoding="UTF-8"?>
<!-- Generated by org.testng.reporters.JUnitReportReporter -->
<testsuite hostname="ubuntu" name="com.rc.wefunit.TestClassInstantiationUtilityTest" tests="1" failures="0" timestamp="22 Apr 2015 17:31:46 GMT" time="0.081" errors="0">
  <testcase name="method_inject_should_inject_WebAppAccess_For_SCBuildersFixture_model" time="0.081" classname="com.rc.wefunit.TestClassInstantiationUtilityTest"/>
</testsuite> <!-- com.rc.wefunit.TestClassInstantiationUtilityTest -->
