<?xml version="1.0" encoding="UTF-8"?>
<!-- Generated by org.testng.reporters.JUnitReportReporter -->
<testsuite hostname="ubuntu" name="com.rc.wefunit.annotations.GenericSODependencyTest" tests="3" failures="0" timestamp="2 Apr 2015 17:32:13 GMT" time="0.012" errors="0">
  <testcase name="is_annotation_GenericSODependency" time="0.001" classname="com.rc.wefunit.annotations.GenericSODependencyTest"/>
  <testcase name="is_a_Qualifier" time="0.010" classname="com.rc.wefunit.annotations.GenericSODependencyTest"/>
  <testcase name="is_value_method_present" time="0.001" classname="com.rc.wefunit.annotations.GenericSODependencyTest"/>
</testsuite> <!-- com.rc.wefunit.annotations.GenericSODependencyTest -->
