<?xml version="1.0" encoding="UTF-8"?>
<!-- Generated by org.testng.reporters.JUnitReportReporter -->
<testsuite hostname="ubuntu" name="com.rc.wefunit.RunnerTest" tests="4" failures="0" timestamp="3 Apr 2015 15:07:40 GMT" time="0.113" errors="0">
  <testcase name="scan_for_test_classes" time="0.016" classname="com.rc.wefunit.RunnerTest"/>
  <testcase name="getTestClassesSet" time="0.076" classname="com.rc.wefunit.RunnerTest"/>
  <testcase name="web_INF_directory_path_web_inf_as_last_directory" time="0.011" classname="com.rc.wefunit.RunnerTest"/>
  <testcase name="scan_for_test_classes_must_throw_IllegalStateException_when_WEB_INF_dir_is_not_a_wef_project" time="0.010" classname="com.rc.wefunit.RunnerTest"/>
</testsuite> <!-- com.rc.wefunit.RunnerTest -->
