<?xml version="1.0" encoding="UTF-8"?>
<!-- Generated by org.testng.reporters.JUnitReportReporter -->
<testsuite hostname="ubuntu" name="com.rc.wefunit.probes.AssertTest" tests="1" failures="0" timestamp="23 Apr 2015 17:31:05 GMT" time="0.000" errors="0">
  <testcase name="notNull" time="0.000" classname="com.rc.wefunit.probes.AssertTest"/>
</testsuite> <!-- com.rc.wefunit.probes.AssertTest -->
