<?xml version="1.0" encoding="UTF-8"?>
<!-- Generated by org.testng.reporters.JUnitReportReporter -->
<testsuite hostname="ubuntu" name="com.rc.wefunit.RunnerTest" tests="6" failures="0" timestamp="31 Mar 2015 15:11:31 GMT" time="0.110" errors="0">
  <testcase name="getTestClassesSet" time="0.074" classname="com.rc.wefunit.RunnerTest"/>
  <testcase name="scan_for_test_classes_must_throw_IllegalStateException_when_WEB_INF_dir_is_not_a_wef_project" time="0.014" classname="com.rc.wefunit.RunnerTest"/>
  <testcase name="web_INF_directory_path_web_inf_as_last_directory" time="0.007" classname="com.rc.wefunit.RunnerTest"/>
  <testcase name="scan_for_test_classes" time="0.014" classname="com.rc.wefunit.RunnerTest"/>
  <testcase name="instantiateTestClass" time="0.001" classname="com.rc.wefunit.RunnerTest"/>
  <testcase name="instantiateTestClass_is_private" time="0.000" classname="com.rc.wefunit.RunnerTest"/>
</testsuite> <!-- com.rc.wefunit.RunnerTest -->
