<?xml version="1.0" encoding="UTF-8"?>
<!-- Generated by org.testng.reporters.JUnitReportReporter -->
<testsuite hostname="ubuntu" name="com.rc.wefunit.RunnerTest" tests="1" failures="0" timestamp="26 Mar 2015 01:33:47 GMT" time="0.056" errors="0">
  <testcase name="web_INF_directory_path_web_inf_as_last_directory" time="0.056" classname="com.rc.wefunit.RunnerTest"/>
</testsuite> <!-- com.rc.wefunit.RunnerTest -->
