<?xml version="1.0" encoding="UTF-8"?>
<!-- Generated by org.testng.reporters.JUnitReportReporter -->
<testsuite hostname="ubuntu" name="com.rc.wefunit.RunnerTest" tests="3" failures="0" timestamp="24 Mar 2015 16:57:42 GMT" time="0.098" errors="0">
  <testcase name="web_INF_directory_path_web_inf_as_last_directory" time="0.015" classname="com.rc.wefunit.RunnerTest"/>
  <testcase name="web_INF_directory_path_verify_that_this_is_a_wef_project" time="0.015" classname="com.rc.wefunit.RunnerTest"/>
  <testcase name="web_INF_directory_path_not_null" time="0.068" classname="com.rc.wefunit.RunnerTest"/>
</testsuite> <!-- com.rc.wefunit.RunnerTest -->
