<?xml version="1.0" encoding="UTF-8"?>
<!-- Generated by org.testng.reporters.JUnitReportReporter -->
<testsuite hostname="ubuntu" name="com.rc.wefunit.testengine.TestEngineTest" tests="4" failures="0" timestamp="29 Apr 2015 14:32:18 GMT" time="0.213" errors="0">
  <testcase name="is_exist_Interface_TestEngine" time="0.034" classname="com.rc.wefunit.testengine.TestEngineTest"/>
  <testcase name="method_executeTests_total_executed_tests_should_equal_to_total_no_of_tests_present" time="0.177" classname="com.rc.wefunit.testengine.TestEngineTest"/>
  <testcase name="method_executeTests_parameters_Queue" time="0.001" classname="com.rc.wefunit.testengine.TestEngineTest"/>
  <testcase name="singleton_test" time="0.001" classname="com.rc.wefunit.testengine.TestEngineTest"/>
</testsuite> <!-- com.rc.wefunit.testengine.TestEngineTest -->
