<?xml version="1.0" encoding="UTF-8"?>
<!-- Generated by org.testng.reporters.JUnitReportReporter -->
<testsuite hostname="ubuntu" name="com.rc.wefunit.enums.GenericSOInjectablesTest" tests="3" failures="0" timestamp="27 Apr 2015 17:20:03 GMT" time="0.016" errors="0">
  <testcase name="SERVICE_OPERATION_NAME_INDEX_0" time="0.003" classname="com.rc.wefunit.enums.GenericSOInjectablesTest"/>
  <testcase name="SERVICE_OPERATION_NAME" time="0.004" classname="com.rc.wefunit.enums.GenericSOInjectablesTest"/>
  <testcase name="DATA_SERVICE_NAME" time="0.009" classname="com.rc.wefunit.enums.GenericSOInjectablesTest"/>
</testsuite> <!-- com.rc.wefunit.enums.GenericSOInjectablesTest -->
