<?xml version="1.0" encoding="UTF-8"?>
<!-- Generated by org.testng.reporters.JUnitReportReporter -->
<testsuite hostname="ubuntu" name="com.rc.wefunit.FixtureDependencyInjectorUtilityTest" tests="4" failures="0" timestamp="3 Apr 2015 14:44:42 GMT" time="0.008" errors="0">
  <testcase name="inject_method_with_2_parameters_Field_and_Object2" time="0.001" classname="com.rc.wefunit.FixtureDependencyInjectorUtilityTest"/>
  <testcase name="inject_method_with_2_parameters_Field_and_Object3" time="0.006" classname="com.rc.wefunit.FixtureDependencyInjectorUtilityTest"/>
  <testcase name="inject_method_with_2_parameters_Field_and_Object4" time="0.000" classname="com.rc.wefunit.FixtureDependencyInjectorUtilityTest"/>
  <testcase name="inject_method_with_2_parameters_Field_and_Object1" time="0.001" classname="com.rc.wefunit.FixtureDependencyInjectorUtilityTest"/>
</testsuite> <!-- com.rc.wefunit.FixtureDependencyInjectorUtilityTest -->
