<?xml version="1.0" encoding="UTF-8"?>
<!-- Generated by org.testng.reporters.JUnitReportReporter -->
<testsuite hostname="ubuntu" name="com.rc.wefunit.GenericServiceOperationTestTest" tests="9" failures="0" timestamp="31 Mar 2015 15:11:31 GMT" time="0.026" errors="0">
  <testcase name="is_webAppAccess_field_with_service_consumer_fixtures_annotation_is_protected" time="0.001" classname="com.rc.wefunit.GenericServiceOperationTestTest"/>
  <testcase name="is_service_operation_exists" time="0.005" classname="com.rc.wefunit.GenericServiceOperationTestTest"/>
  <testcase name="is_serviceOperationName_string_field_contains_Inject_annotation" time="0.000" classname="com.rc.wefunit.GenericServiceOperationTestTest"/>
  <testcase name="is_service_operation_exists_method_should_have_Test_annotation" time="0.003" classname="com.rc.wefunit.GenericServiceOperationTestTest"/>
  <testcase name="is_serviceOperationName_string_field_present" time="0.000" classname="com.rc.wefunit.GenericServiceOperationTestTest"/>
  <testcase name="is_serviceOperationName_string_field_is_protected" time="0.000" classname="com.rc.wefunit.GenericServiceOperationTestTest"/>
  <testcase name="is_webAppAccess_field_with_service_consumer_fixtures_annotation_available" time="0.005" classname="com.rc.wefunit.GenericServiceOperationTestTest"/>
  <testcase name="is_dataServiceName_string_field_contains_Inject_annotation" time="0.012" classname="com.rc.wefunit.GenericServiceOperationTestTest"/>
  <testcase name="is_dataServiceName_string_field_is_present" time="0.000" classname="com.rc.wefunit.GenericServiceOperationTestTest"/>
</testsuite> <!-- com.rc.wefunit.GenericServiceOperationTestTest -->
