<?xml version="1.0" encoding="UTF-8"?>
<!-- Generated by org.testng.reporters.JUnitReportReporter -->
<testsuite hostname="ubuntu" name="com.rc.wefunit.TestClassInstantiationUtilityTest" tests="3" failures="0" timestamp="2 Apr 2015 11:41:40 GMT" time="0.039" errors="0">
  <testcase name="instantiate_subclass_of_GenericServiceOperationTest_serviceOperationName" time="0.034" classname="com.rc.wefunit.TestClassInstantiationUtilityTest"/>
  <testcase name="instantiate_subclass_of_GenericServiceOperationTest_serviceOperationName_field_2" time="0.001" classname="com.rc.wefunit.TestClassInstantiationUtilityTest"/>
  <testcase name="instantiate_subclass_of_GenericServiceOperationTest_serviceOperationName_field_1" time="0.004" classname="com.rc.wefunit.TestClassInstantiationUtilityTest"/>
</testsuite> <!-- com.rc.wefunit.TestClassInstantiationUtilityTest -->
